c 
  113  mkdir public
  114  pwd
  115  ls
  116  ped
  117  ped
  118  pwd
  119  cd ls
  120  ls
  121  cd public/
  122  pwd
  123  pw
  124  pwd
  125  touch index.php
  126  ls
  127  cd..
  128  cd ..
  129  ls
  130  pwd
  131  mkdir linux_practice1
  132  pwd
  133  ls
  134  cd linux_practice1/
  135  mv public
  136  ls
  137  pwd
  138  cd ..
  139  pwd
  140  ls
  141  mv public 
  142  cd linux_practice1/
  143  pwd
  144  mv public
  145  mv public public
  146  pwd
  147  ls
  148  cd ..
  149  ls
  150  cd linux_practice1/
  151  pwd
  152  pwd
  153  mv /root/server_lesson/public public
  154  pwd
  155  cd ../
  156  ls
  157  cd linux_practice1/
  158  ls
  159  cd public
  160  ls
  161  cd ..
  162  pwd
  163  ls
  164  cd public/
  165  pwd
  166  ls
  167  cp index.php index_bk.php
  168  pwd
  169  ls
  170  pwd
  171  cd ..
  172  cp /root/server_lesson/linux_practice1/public tmp
  173  ls
  174  pwd
  175  cp public  tmp
  176  ls
  177  cp -r  public  tmp
  178  ls
  179  cd tmp
  180  ls
  181  rm index_bk.php 
  182  ls
  183  pwd
  184  cd ..
  185  cd ..
  186  touch README.md
  187  ls
  188  vi README.md 
  189  git branch
  190  git branch
  191  cd /root
  192  mkdir server_lesson && cd server_lesson
  193  yum update -y && yum -y install git
  194  git init
  195  touch first.txt
  196  pwd
  197  ls
  198  cd server_lesson/
  199  ls
  200  mkdir linux_practice2
  201  ls
  202  cd linux_practice2
  203  mkdir documents
  204  ls
  205  cd documents/
  206  pwd
  207  touch gizumo{01..50}
  208  ls
  209  pwd
  210  cd ..
  211  ls
  212  mkdir trash
  213  ls
  214  kedir .gitignore
  215  medir .gitignore
  216  mkdir .gitignore
  217  rm .gitignore/
  218  ls
  219  pwd
  220  ls
  221  touch .gitignore
  222  ls
  223  cd ..
  224  ls
  225  cd linux_practice2
  226  ls
  227  touch .gitignore
  228  ls
  229  vi .gitignore
  230  ls -p
  231  ls -a
  232  vi .
  233  cd trash/
  234  pwd
  235  mv /root/server_lesson/linux_practice2/documents/gizumo2?
  236  mv /root/server_lesson/linux_practice2/documents/gizumo2?.md
  237  y
  238  mv /root/server_lesson/linux_practice2/documents/gizumo2?.md
  239  pwd
  240  mv /root/server_lesson/linux_practice2/documents/gizumo2?.md? gizumo2?
  241  mv /root/server_lesson/linux_practice2/documents/gizumo2?.md? gizumo2?.md
  242* 
  243  ls
  244* 
  245  pwd
  246* 
  247  mv /root/server_lesson/linux_practice2/documents/gizumo2?.md? gizumo2?.md
  248  mv /root/server_lesson/linux_practice2/documents/gizumo2?.md? gizumo2?.md
  249  mv /root/server_lesson/linux_practice2/documents/gizumo2?.md?
  250  cd ..
  251  ls
  252  cd documents/
  253  ls
  254  cd ..
  255  ls
  256  cd trash/
  257  pwd
  258  ld
  259  ls
  260  ls
  261  ls /root/server_lesson/linux_practice2/documents/
  262  ls /root/server_lesson/linux_practice2/documents/gizumo2?
  263  mv /root/server_lesson/linux_practice2/documents/gizumo2?
  264  ls /root/server_lesson/linux_practice2/documents/gizumo2?.md
  265  ls /root/server_lesson/linux_practice2/documents/gizumo2?
  266  rm /root/server_lesson/linux_practice2/documents/*gizumo
  267  ls /root/server_lesson/linux_practice2/documents/*gizumo
  268  ls /root/server_lesson/linux_practice2/documents/gizumo{01..50}
  269  y
  270  rm  /root/server_lesson/linux_practice2/documents/gizumo{01..50}
  271  ls /root/server_lesson/linux_practice2/documents/gizumo{01..50}
  272  ls /root/server_lesson/linux_practice2/documents/gizumo{01..50}
  273  ls /root/server_lesson/linux_practice2/documents/gizumo{01..50}
  274  ls /root/server_lesson/linux_practice2/documents/gizumo{01..50}
  275  ls /root/server_lesson/linux_practice2/documents/gizumo{01..50}
  276  ls /root/server_lesson/linux_practice2/documents/gizumo{01..50}
  277  cd  /root/server_lesson/linux_practice2/documents
  278  ls
  279  rm  /root/server_lesson/linux_practice2/documents/gizumo{01..50}
  280  y
  281  rm  /root/server_lesson/linux_practice2/documents/gizumo{01..50}
  282  ls
  283  touch gizumo{01..50}.md
  284  ls
  285  md touch gizumo{01..50}.md
  286  pwd
  287  cd ..
  288  ls
  289  cd trash/
  290  ls
  291  mv /root/server_lesson/linux_practice2/documents/gizumo2?.md
  292  ls  /root/server_lesson/linux_practice2/documents/gizumo2?.md
  293  mv /root/server_lesson/linux_practice2/documents/gizumo2?
  294  mv /root/server_lesson/linux_practice2/documents/gizumo2?.md
  295  mv /root/server_lesson/linux_practice2/documents/gizumo20.md
  296  mv /root/server_lesson/linux_practice2/documents/gizumo20.md gizumo20.md
  297  mv /root/server_lesson/linux_practice2/documents/gizumo2?.md
  298  ls /root/server_lesson/linux_practice2/documents/gizumo2?.md
  299  mv /root/server_lesson/linux_practice2/documents/gizumo2?.md gizumo2?.md
  300  ls /root/server_lesson/linux_practice2/documents/gizumo2?.md
  301  ls /root/server_lesson/linux_practice2/documents/
  302  mv /root/server_lesson/linux_practice2/documents/gizumo2?.md gizumo{21..29}.md
  303  mv /root/server_lesson/linux_practice2/documents/gizumo2?.md gizumo{21..29}.md
  304  mv 
  305  pwd
  306  pwd /root/server_lesson/linux_practice2/trash 
  307  ls /root/server_lesson/linux_practice2/trash
  308* mv /root/server_lesson/linux_practice2/trash/gizumo20.md /root/server_lesson/linux_
  309  ls /root/server_lesson/linux_practice2/documents/
  310  ls /root/server_lesson/linux_practice2/documents/gizumo2?.md
  311  mv /root/server_lesson/linux_practice2/documents/gizumo2?.md /root/server_lesson/linux_practice2/trash
  312  ls/root/server_lesson/linux_practice2/trash
  313  ls/root/server_lesson/linux_practice2/trash
  314  ls /root/server_lesson/linux_practice2/
  315  ls trash
  316  ls do
  317  ls documents
  318  ls /root/server_lesson/linux_practice2/trash/
  319  mv /root/server_lesson/linux_practice2/trash/gizumo2?.md /root/server_lesson/linux_practice2/documents/
  320  ls /root/server_lesson/linux_practice2/trash/
  321  mv /root/server_lesson/linux_practice2/documents/gizumo{20..40}.md /root/server_lesson/linux_practice2/trash/
  322  ls /root/server_lesson/linux_practice2/trash/
  323  pwd
  324  cd ..
  325  pwd
  326  ls
  327  ls-p
  328  ls -p
  329  ls -a
  330  vi .gitignore/
  331  vi .gitignore/
  332  vi .gitignore
  333  cd .gitignore/
  334  ls -p
  335  ls
  336  vi
  337  vi
  338  cd ..
  339  vi
  340  ls -a
  341  vi .gitignore/
  342  rm .gitignore/
  343  y
  344  rm .gitignoreフe
  345  ls
  346  ls -a
  347  rm .gitignore/
  348  touch .gitignore
  349  ls -a
  350  ls -a
  351  vi .gitignore/
  352  touch .gitignore
  353  touch .gitignore
  354  touch .gitignore2
  355  ls
  356  ls -a
  357  rm .gitignore2
  358  ls -a
  359  cd .gitignore/
  360  ls -a
  361  cd .
  362  ls
  363  cd ..
  364  ls ..
  365  cd ..
  366  pwd
  367  ls
  368  cd linux_practice1
  369  cd ../
  370  cd linux_practice2
  371  ls
  372  la -p
  373  ls -a
  374  cd .gitignore/
  375  ls -a
  376  ls .
  377  pwd
  378  ls
  379  cd ..
  380  ls ..
  381  pwd
  382  cd ..
  383  pwd
  384  pwd
  385  ls
  386  cd linux_practice2
  387  ls
  388  ls -
  389  ls -a
  390  cd .gitignore/
  391  ls
  392  pwd
  393  ls
  394  ls
  395  cd ..
  396  vi .gitignore/
  397  cd .gitignore/
  398  ls
  399  ls
  400  ls
  401  ls
  402  ls
  403  ls
  404  vi
  405  touch .gitignore
  406  ls
  407  ls -a
  408  vi .gitignore 
  409  git status
  410  pwd
  411  history 300
